<?xml version="1.0" encoding="UTF-8"?><testsuite errors="1" failures="0" name="seleccionar productos ascedentes y descententes" skipped="0" tests="1" time="10.67" timestamp="2020-07-02 06:53:05"><testcase name="Productos descendentes"><error message="The of() method is not supported for By-type Targets" type="java.lang.UnsupportedOperationException">The of() method is not supported for By-type Targets</error><system-err>The of() method is not supported for By-type Targets&#13;
com.co.omni.web.task.BusquedaProducto.performAs(BusquedaProducto.java:28)&#13;
com.co.omni.web.stepdefinitions.ProductosAmazonStepDefinitions.busqueLaPalabra(ProductosAmazonStepDefinitions.java:29)&#13;
✽.busque la palabra zapato(src/test/resources/productosamazon.feature:11)&#13;
</system-err></testcase></testsuite>